Exporter version: 6.4.6, Blender version: 2.91.0
========= Conversion from Blender to Babylon.js =========
	Scene settings used :
		Inline textures     :  false
		Material Type       :  PBR
		Positions Precision :  4
		Normals Precision   :  3
		UVs Precision       :  3
		Vert Color Precision:  3
		Mat Weight Precision:  2
		Keep Z-up r-handed  :  no
		Texture directory   :  /home/inveker/WebstormProjects/1/public/
	Python World class constructor completed
	processing begun of camera (UniversalCamera):  Camera
	processing begun of mesh:  donat
		processing begun of material:  Material.003
		num positions      :  22997
		num normals        :  22997
		num tangents       :  0
		num uvs            :  45994
		num uvs2           :  0
		num colors         :  0
		num triangles      :  43776
	processing begun of mesh:  cream
		processing begun of material:  Material.002
		num positions      :  16792
		num normals        :  16792
		num tangents       :  0
		num uvs            :  33584
		num uvs2           :  0
		num colors         :  0
		num triangles      :  33152
	processing begun of mesh:  Plane
		processing begun of material:  Material.001
		num positions      :  4
		num normals        :  4
		num tangents       :  0
		num uvs            :  8
		num uvs2           :  0
		num colors         :  0
		num triangles      :  2
	processing begun of light (POINT):  Light
========= Writing of JSON file started =========
	writing mesh:  donat
	writing mesh:  cream
	writing mesh:  Plane
========= Writing of JSON file completed =========
========= end of processing =========
elapsed time:  0 min, 2.4171 secs
